<?xml version="1.0" encoding="UTF-8"?>
<!-- Generated by org.testng.reporters.JUnitReportReporter -->
<testsuite hostname="LAPTOP-GAUPM6CM" failures="0" tests="1" name="oct19th.ValidateEnabled" time="7.976" errors="0" timestamp="2023-10-19T19:41:10 IST" skipped="0">
  <testcase classname="oct19th.ValidateEnabled" name="waitsTest" time="7.976"/>
  <system-out/>
</testsuite> <!-- oct19th.ValidateEnabled -->
