<?xml version="1.0" encoding="UTF-8"?>
<!-- Generated by org.testng.reporters.JUnitReportReporter -->
<testsuite hostname="LAPTOP-GAUPM6CM" failures="0" tests="1" name="oct19th.CheckBox" time="10.118" errors="0" timestamp="2023-10-19T19:30:54 IST" skipped="0">
  <testcase classname="oct19th.CheckBox" name="waitsTest" time="10.118"/>
  <system-out/>
</testsuite> <!-- oct19th.CheckBox -->
