<?xml version="1.0" encoding="UTF-8"?>
<!-- Generated by org.testng.reporters.JUnitReportReporter -->
<testsuite hostname="LAPTOP-GAUPM6CM" failures="0" tests="1" name="oct19th.StaticWebTable2" time="50.741" errors="0" timestamp="2023-10-19T19:56:35 IST" skipped="0">
  <testcase classname="oct19th.StaticWebTable2" name="webTableTest" time="50.741"/>
  <system-out/>
</testsuite> <!-- oct19th.StaticWebTable2 -->
