<?xml version="1.0" encoding="UTF-8"?>
<!-- Generated by org.testng.reporters.JUnitReportReporter -->
<testsuite hostname="LAPTOP-GAUPM6CM" failures="0" tests="1" name="oct19th.DynamicWebTable" time="42.313" errors="0" timestamp="2023-10-19T20:02:29 IST" skipped="0">
  <testcase classname="oct19th.DynamicWebTable" name="webTableTest" time="42.313"/>
  <system-out/>
</testsuite> <!-- oct19th.DynamicWebTable -->
