<?xml version="1.0" encoding="UTF-8"?>
<!-- Generated by org.testng.reporters.JUnitReportReporter -->
<testsuite hostname="LAPTOP-GAUPM6CM" failures="0" tests="1" name="oct17th.ScreenShotDemo" time="8.339" errors="0" timestamp="2023-10-17T19:52:47 IST" skipped="0">
  <testcase classname="oct17th.ScreenShotDemo" name="screenshotTest" time="8.339"/>
  <system-out/>
</testsuite> <!-- oct17th.ScreenShotDemo -->
