<?xml version="1.0" encoding="UTF-8"?>
<!-- Generated by org.testng.reporters.JUnitReportReporter -->
<testsuite hostname="LAPTOP-GAUPM6CM" failures="0" tests="1" name="oct18th.WaitsDemo1" time="7.409" errors="0" timestamp="2023-10-18T20:06:19 IST" skipped="0">
  <testcase classname="oct18th.WaitsDemo1" name="scrollTest" time="7.409"/>
  <system-out/>
</testsuite> <!-- oct18th.WaitsDemo1 -->
