<?xml version="1.0" encoding="UTF-8"?>
<!-- Generated by org.testng.reporters.JUnitReportReporter -->
<testsuite hostname="LAPTOP-GAUPM6CM" failures="0" tests="1" name="oct18th.ClickUsingJS" time="29.882" errors="0" timestamp="2023-10-18T19:21:24 IST" skipped="0">
  <testcase classname="oct18th.ClickUsingJS" name="clickJSTest" time="29.882"/>
  <system-out/>
</testsuite> <!-- oct18th.ClickUsingJS -->
