<?xml version="1.0" encoding="UTF-8"?>
<!-- Generated by org.testng.reporters.JUnitReportReporter -->
<testsuite hostname="LAPTOP-GAUPM6CM" failures="0" tests="1" name="oct18th.WaitsDemo2" time="11.736" errors="0" timestamp="2023-10-18T20:14:49 IST" skipped="0">
  <testcase classname="oct18th.WaitsDemo2" name="scrollTest" time="11.736"/>
  <system-out/>
</testsuite> <!-- oct18th.WaitsDemo2 -->
