<?xml version="1.0" encoding="UTF-8"?>
<!-- Generated by org.testng.reporters.JUnitReportReporter -->
<testsuite hostname="LAPTOP-GAUPM6CM" failures="0" tests="1" name="oct18th.ScrollDemo" time="7.462" errors="0" timestamp="2023-10-18T19:16:16 IST" skipped="0">
  <testcase classname="oct18th.ScrollDemo" name="scrollTest" time="7.462"/>
  <system-out/>
</testsuite> <!-- oct18th.ScrollDemo -->
