<?xml version="1.0" encoding="UTF-8"?>
<!-- Generated by org.testng.reporters.JUnitReportReporter -->
<testsuite hostname="LAPTOP-GAUPM6CM" failures="0" tests="1" name="oct19th.FileUpload" time="21.852" errors="0" timestamp="2023-10-19T20:20:52 IST" skipped="0">
  <testcase classname="oct19th.FileUpload" name="fileUploadTest" time="21.852"/>
  <system-out/>
</testsuite> <!-- oct19th.FileUpload -->
