<?xml version="1.0" encoding="UTF-8"?>
<!-- Generated by org.testng.reporters.JUnitReportReporter -->
<testsuite hostname="LAPTOP-GAUPM6CM" failures="0" tests="1" name="oct18th.HighlightElement" time="17.075" errors="0" timestamp="2023-10-18T19:45:57 IST" skipped="0">
  <testcase classname="oct18th.HighlightElement" name="clickJSTest" time="17.075"/>
  <system-out/>
</testsuite> <!-- oct18th.HighlightElement -->
