<?xml version="1.0" encoding="UTF-8"?>
<!-- Generated by org.testng.reporters.JUnitReportReporter -->
<testsuite hostname="LAPTOP-GAUPM6CM" failures="0" tests="1" name="oct19th.WaitsDemo3" time="13.956" errors="0" timestamp="2023-10-19T19:23:44 IST" skipped="0">
  <testcase classname="oct19th.WaitsDemo3" name="waitsTest" time="13.956"/>
  <system-out/>
</testsuite> <!-- oct19th.WaitsDemo3 -->
